<?xml version="1.0" encoding="UTF-8"?>
<testng-results ignored="3" total="6" passed="3" failed="0" skipped="0">
  <reporter-output>
  </reporter-output>
  <suite started-at="2021-04-22T11:32:19Z" name="GSATest" finished-at="2021-04-22T11:32:33Z" duration-ms="14016">
    <groups>
    </groups>
    <test started-at="2021-04-22T11:32:19Z" name="GsaTest" finished-at="2021-04-22T11:32:33Z" duration-ms="14016">
      <class name="gsa.GsaTest">
        <test-method is-config="true" signature="beforeSuite()[pri:0, instance:gsa.GsaTest@186f8716]" started-at="2021-04-22T11:32:19Z" name="beforeSuite" finished-at="2021-04-22T11:32:19Z" duration-ms="146" status="PASS">
          <reporter-output>
          </reporter-output>
        </test-method> <!-- beforeSuite -->
        <test-method is-config="true" signature="beforeClass()[pri:0, instance:gsa.GsaTest@186f8716]" started-at="2021-04-22T11:32:19Z" name="beforeClass" finished-at="2021-04-22T11:32:19Z" duration-ms="1" status="PASS">
          <reporter-output>
          </reporter-output>
        </test-method> <!-- beforeClass -->
        <test-method signature="launchURl(java.lang.String, java.lang.String)[pri:0, instance:gsa.GsaTest@186f8716]" started-at="2021-04-22T11:32:19Z" name="launchURl" finished-at="2021-04-22T11:32:27Z" duration-ms="7540" status="PASS">
          <params>
            <param index="0">
              <value>
                <![CDATA[https://fss-ui-dev.fss19-dev.fcs.gsa.gov/nsn]]>
              </value>
            </param>
            <param index="1">
              <value>
                <![CDATA[chrome]]>
              </value>
            </param>
          </params>
          <reporter-output>
          </reporter-output>
        </test-method> <!-- launchURl -->
        <test-method signature="singleSearchNSNCLass(java.lang.String)[pri:0, instance:gsa.GsaTest@186f8716]" started-at="2021-04-22T11:32:27Z" name="singleSearchNSNCLass" finished-at="2021-04-22T11:32:27Z" duration-ms="177" status="PASS">
          <params>
            <param index="0">
              <value>
                <![CDATA[3]]>
              </value>
            </param>
          </params>
          <reporter-output>
          </reporter-output>
        </test-method> <!-- singleSearchNSNCLass -->
        <test-method signature="searchNSNCLass(java.lang.String)[pri:0, instance:gsa.GsaTest@186f8716]" started-at="2021-04-22T11:32:27Z" name="searchNSNCLass" finished-at="2021-04-22T11:32:33Z" duration-ms="6246" status="PASS">
          <params>
            <param index="0">
              <value>
                <![CDATA[35]]>
              </value>
            </param>
          </params>
          <reporter-output>
          </reporter-output>
        </test-method> <!-- searchNSNCLass -->
        <test-method is-config="true" signature="afterClass()[pri:0, instance:gsa.GsaTest@186f8716]" started-at="2021-04-22T11:32:33Z" name="afterClass" finished-at="2021-04-22T11:32:33Z" duration-ms="39" status="PASS">
          <reporter-output>
          </reporter-output>
        </test-method> <!-- afterClass -->
        <test-method is-config="true" signature="afterSuite()[pri:0, instance:gsa.GsaTest@186f8716]" started-at="2021-04-22T11:32:33Z" name="afterSuite" finished-at="2021-04-22T11:32:36Z" duration-ms="2673" status="PASS">
          <reporter-output>
          </reporter-output>
        </test-method> <!-- afterSuite -->
      </class> <!-- gsa.GsaTest -->
    </test> <!-- GsaTest -->
  </suite> <!-- GSATest -->
</testng-results>
