<?xml version="1.0" encoding="UTF-8"?>
<!-- Generated by org.testng.reporters.JUnitXMLReporter -->
<testsuite ignored="3" hostname="ABHUMI" failures="0" tests="3" name="GsaTest" time="14.016" errors="0" timestamp="22 Apr 2021 11:32:33 GMT">
  <testcase classname="gsa.GsaTest" name="launchURl" time="7.54"/>
  <testcase classname="gsa.GsaTest" name="singleSearchNSNCLass" time="0.177"/>
  <testcase classname="gsa.GsaTest" name="searchNSNCLass" time="6.246"/>
  <testcase classname="gsa.GsaTest" name="validateGroupRouting" time="0.0">
    <ignored/>
  </testcase> <!-- validateGroupRouting -->
  <testcase classname="gsa.GsaTest" name="searchForTicker" time="0.0">
    <ignored/>
  </testcase> <!-- searchForTicker -->
  <testcase classname="gsa.GsaTest" name="validateTickerPrice" time="0.0">
    <ignored/>
  </testcase> <!-- validateTickerPrice -->
</testsuite> <!-- GsaTest -->
